\BOOKMARK [0][-]{section*.4}{\376\377\144\130\000\040\211\201}{}% 1
\BOOKMARK [0][-]{section*.5}{\376\377\000A\000b\000s\000t\000r\000a\000c\000t}{}% 2
\BOOKMARK [0][-]{chapter.1}{\376\377\176\352\213\272}{}% 3
\BOOKMARK [1][-]{section.1.1}{\376\377\170\024\172\166\200\314\146\157}{chapter.1}% 4
\BOOKMARK [1][-]{section.1.2}{\376\377\126\375\121\205\131\026\170\024\172\166\163\260\162\266}{chapter.1}% 5
\BOOKMARK [2][-]{subsection.1.2.1}{\376\377\127\372\116\216\211\302\155\113\145\160\143\156\166\204\126\340\147\234\123\321\163\260\145\271\154\325}{section.1.2}% 6
\BOOKMARK [2][-]{subsection.1.2.2}{\376\377\127\372\116\216\167\345\213\306\207\215\124\010\166\204\126\340\147\234\123\321\163\260\145\271\154\325}{section.1.2}% 7
\BOOKMARK [2][-]{subsection.1.2.3}{\376\377\170\024\172\166\163\260\162\266\122\006\147\220\116\016\140\073\176\323}{section.1.2}% 8
\BOOKMARK [1][-]{section.1.3}{\376\377\147\054\145\207\116\073\211\201\170\024\172\166\121\205\133\271\123\312\122\033\145\260\160\271}{chapter.1}% 9
\BOOKMARK [2][-]{subsection.1.3.1}{\376\377\116\073\211\201\170\024\172\166\121\205\133\271}{section.1.3}% 10
\BOOKMARK [2][-]{subsection.1.3.2}{\376\377\116\073\211\201\122\033\145\260\160\271}{section.1.3}% 11
\BOOKMARK [1][-]{section.1.4}{\376\377\147\054\145\207\166\204\176\304\176\307\176\323\147\204}{chapter.1}% 12
\BOOKMARK [0][-]{chapter.2}{\376\377\200\314\146\157\167\345\213\306\116\016\164\006\213\272\127\372\170\100\151\202\217\360}{}% 13
\BOOKMARK [1][-]{section.2.1}{\376\377\126\340\147\234\133\146\116\140\127\372\170\100\151\202\137\365}{chapter.2}% 14
\BOOKMARK [2][-]{subsection.2.1.1}{\376\377\215\035\123\366\145\257\177\121\176\334\116\016\126\376\152\041\127\213}{section.2.1}% 15
\BOOKMARK [2][-]{subsection.2.1.2}{\376\377\126\340\147\234\215\035\123\366\145\257\177\121\176\334}{section.2.1}% 16
\BOOKMARK [2][-]{subsection.2.1.3}{\376\377\121\375\145\160\126\340\147\234\152\041\127\213}{section.2.1}% 17
\BOOKMARK [2][-]{subsection.2.1.4}{\376\377\123\357\213\306\122\053\140\047}{section.2.1}% 18
\BOOKMARK [1][-]{section.2.2}{\376\377\126\340\147\234\123\321\163\260\127\372\170\100\151\202\137\365}{chapter.2}% 19
\BOOKMARK [2][-]{subsection.2.2.1}{\376\377\126\340\147\234\123\321\163\260\150\106\147\266}{section.2.2}% 20
\BOOKMARK [2][-]{subsection.2.2.2}{\376\377\217\336\176\355\117\030\123\026\126\340\147\234\123\321\163\260\173\227\154\325\150\106\147\266}{section.2.2}% 21
\BOOKMARK [1][-]{section.2.3}{\376\377\000K\000o\000l\000m\000o\000g\000o\000r\000o\000v\000-\000A\000r\000n\000o\000l\000d\210\150\171\072\133\232\164\006\232\161\122\250\166\204\171\136\176\317\177\121\176\334}{chapter.2}% 22
\BOOKMARK [0][-]{chapter.3}{\376\377\127\372\116\216\000K\000A\000N\166\204\217\336\176\355\117\030\123\026\126\340\147\234\123\321\163\260\145\271\154\325\170\024\172\166}{}% 23
\BOOKMARK [1][-]{section.3.1}{\376\377\137\025\212\000}{chapter.3}% 24
\BOOKMARK [1][-]{section.3.2}{\376\377\152\041\127\213\150\106\147\266}{chapter.3}% 25
\BOOKMARK [2][-]{subsection.3.2.1}{\376\377\217\173\221\317\166\204\000K\000A\000N\154\102\211\343\126\150\147\266\147\204}{section.3.2}% 26
\BOOKMARK [2][-]{subsection.3.2.2}{\376\377\147\141\116\366\162\354\172\313\140\047\167\351\226\065\147\204\136\372}{section.3.2}% 27
\BOOKMARK [2][-]{subsection.3.2.3}{\376\377\172\000\165\217\153\143\122\031\123\026\210\150\217\276}{section.3.2}% 28
\BOOKMARK [2][-]{subsection.3.2.4}{\376\377\000D\000A\000G\000-\000K\000A\000N\173\227\154\325}{section.3.2}% 29
\BOOKMARK [1][-]{section.3.3}{\376\377\133\236\232\214\232\214\213\301}{chapter.3}% 30
\BOOKMARK [2][-]{subsection.3.3.1}{\376\377\152\041\142\337\145\160\143\156\200\124\124\010\133\146\116\140\133\236\232\214\213\276\177\156}{section.3.3}% 31
\BOOKMARK [2][-]{subsection.3.3.2}{\376\377\152\041\142\337\145\160\143\156\200\124\124\010\133\146\116\140\133\236\232\214\176\323\147\234\116\016\122\006\147\220}{section.3.3}% 32
\BOOKMARK [2][-]{subsection.3.3.3}{\376\377\152\041\142\337\145\160\143\156\176\323\147\204\133\146\116\140\133\236\232\214\213\276\177\156}{section.3.3}% 33
\BOOKMARK [2][-]{subsection.3.3.4}{\376\377\152\041\142\337\145\160\143\156\176\323\147\204\133\146\116\140\133\236\232\214\176\323\147\234\116\016\122\006\147\220}{section.3.3}% 34
\BOOKMARK [2][-]{subsection.3.3.5}{\376\377\167\037\133\236\145\160\143\156\200\124\124\010\133\146\116\140\133\236\232\214\176\323\147\234}{section.3.3}% 35
\BOOKMARK [2][-]{subsection.3.3.6}{\376\377\123\302\145\160\145\117\141\037\140\047\122\006\147\220}{section.3.3}% 36
\BOOKMARK [1][-]{section.3.4}{\376\377\147\054\172\340\134\017\176\323}{chapter.3}% 37
\BOOKMARK [0][-]{chapter.4}{\376\377\127\372\116\216\000K\000A\000N\166\204\167\345\213\306\207\215\124\010\126\340\147\234\123\321\163\260\145\271\154\325\170\024\172\166}{}% 38
\BOOKMARK [1][-]{section.4.1}{\376\377\137\025\212\000}{chapter.4}% 39
\BOOKMARK [1][-]{section.4.2}{\376\377\152\041\127\213\147\204\136\372}{chapter.4}% 40
\BOOKMARK [2][-]{subsection.4.2.1}{\376\377\167\345\213\306\207\215\124\010\134\102}{section.4.2}% 41
\BOOKMARK [2][-]{subsection.4.2.2}{\376\377\134\100\220\350\217\336\143\245\157\300\155\073\134\102}{section.4.2}% 42
\BOOKMARK [2][-]{subsection.4.2.3}{\376\377\127\372\116\216\000K\000A\000N\166\204\167\345\213\306\207\215\124\010\126\340\147\234\123\321\163\260\173\227\154\325\150\106\147\266}{section.4.2}% 43
\BOOKMARK [1][-]{section.4.3}{\376\377\133\236\232\214\232\214\213\301}{chapter.4}% 44
\BOOKMARK [2][-]{subsection.4.3.1}{\376\377\152\041\142\337\145\160\143\156\133\236\232\214\213\276\177\156}{section.4.3}% 45
\BOOKMARK [2][-]{subsection.4.3.2}{\376\377\152\041\142\337\145\160\143\156\133\236\232\214\176\323\147\234\116\016\122\006\147\220}{section.4.3}% 46
\BOOKMARK [2][-]{subsection.4.3.3}{\376\377\167\037\133\236\145\160\143\156\133\236\232\214\213\276\177\156}{section.4.3}% 47
\BOOKMARK [2][-]{subsection.4.3.4}{\376\377\167\037\133\236\145\160\143\156\133\236\232\214\176\323\147\234\116\016\122\006\147\220}{section.4.3}% 48
\BOOKMARK [1][-]{section.4.4}{\376\377\147\054\172\340\134\017\176\323}{chapter.4}% 49
\BOOKMARK [0][-]{chapter.5}{\376\377\140\073\176\323\116\016\134\125\147\033}{}% 50
\BOOKMARK [1][-]{section.5.1}{\376\377\170\024\172\166\140\073\176\323}{chapter.5}% 51
\BOOKMARK [1][-]{section.5.2}{\376\377\170\024\172\166\116\015\215\263\116\016\147\052\147\145\134\125\147\033}{chapter.5}% 52
\BOOKMARK [0][-]{chapter*.47}{\376\377\201\364\214\042}{}% 53
\BOOKMARK [0][-]{section*.48}{\376\377\123\302\200\003\145\207\163\056}{}% 54
\BOOKMARK [0][-]{chapter*.50}{\376\377\117\134\200\005\127\050\133\146\147\037\225\364\123\326\137\227\166\204\133\146\147\057\142\020\147\234}{}% 55
\BOOKMARK [0][-]{appendix.A}{\376\377\152\041\147\177\143\320\117\233\166\204\136\014\201\112\133\127\153\315\124\175\116\344\122\027\210\150}{}% 56
